INFO    2023-02-27 23:19:46,208 [main] com.itech.api.tools.API  - New API registered!
INFO    2023-02-27 23:19:46,211 [main] com.itech.api.tools.request.GET  - GET URL : http://localhost:8000/api/posts
INFO    2023-02-27 23:19:46,493 [main] com.itech.api.tools.request.GET  - Return : status [200] ->
{
  "uri": "http://localhost:8000/api/posts",
  "code": 200,
  "data": {
    "code": 200,
    "pagination": {
      "next": "http://localhost:8000/api/posts?page=1",
      "previous": "http://localhost:8000/api/posts?page=1",
      "limit": 10,
      "offset": 1,
      "page": 1,
      "size": 2
    },
    "data": [
      {
        "id": 2,
        "title": "Picture",
        "description": "Nature is all the animals, plants, and other things in the world that are not made by people, and all the events and processes that are not caused by people.\r\nThe most amazing thing about nature is its infinite variety, grasses that grow wild in nature. ",
        "image": "http://localhost:8000/api/assets/image/UGljdHVyZQ==.jpg",
        "categories": [
          {
            "id": 1,
            "name": "READING"
          }
        ],
        "comments": [],
        "user": {
          "id": 1,
          "name": "Sai Zaw Myint",
          "email": "saizawmyint@gmail.com",
          "bio": "Hello",
          "profile": "http://localhost:8000/api/assets/profile/c2FpemF3bXlpbnRAZ21haWwuY29t.jpg"
        },
        "createdAt": 1677229721497,
        "updatedAt": 1677229721497,
        "time": "3 days ago"
      },
      {
        "id": 1,
        "title": "Java Annotation Processing and Creating a Builder",
        "description": "1. Introduction\r\nThis article is an intro to Java source-level annotation processing and provides examples of using this technique for generating additional source files during compilation.\r\n\r\n2. Applications of Annotation Processing\r\nThe source-level annotation processing first appeared in Java 5. It is a handy technique for generating additional source files during the compilation stage.\r\n\r\nThe source files don’t have to be Java files — you can generate any kind of description, metadata, documentation, resources, or any other type of files, based on annotations in your source code.\r\n\r\nAnnotation processing is actively used in many ubiquitous Java libraries, for instance, to generate metaclasses in QueryDSL and JPA, to augment classes with boilerplate code in Lombok library.\r\n\r\nAn important thing to note is the limitation of the annotation processing API — it can only be used to generate new files, not to change existing ones.\r\n\r\n",
        "image": "http://localhost:8000/api/assets/image/SmF2YSBBbm5vdGF0aW9uIFByb2Nlc3NpbmcgYW5kIENyZWF0aW5nIGEgQnVpbGRlcg==.png",
        "categories": [
          {
            "id": 1,
            "name": "READING"
          },
          {
            "id": 2,
            "name": "Data"
          },
          {
            "id": 4,
            "name": "Algorithm"
          }
        ],
        "comments": [],
        "user": {
          "id": 1,
          "name": "Sai Zaw Myint",
          "email": "saizawmyint@gmail.com",
          "bio": "Hello",
          "profile": "http://localhost:8000/api/assets/profile/c2FpemF3bXlpbnRAZ21haWwuY29t.jpg"
        },
        "createdAt": 1677228397448,
        "updatedAt": 1677228397448,
        "time": "3 days ago"
      }
    ],
    "ok": true,
    "message": "Get all post success"
  },
  "headers": {
    "date": "[Mon, 27 Feb 2023 16:49:46 GMT]",
    "expires": "[0]",
    "transfer-encoding": "[chunked]",
    "x-content-type-options": "[nosniff]",
    "x-xss-protection": "[0]",
    "vary": "[Origin, Access-Control-Request-Method, Access-Control-Request-Headers]",
    "x-frame-options": "[DENY]",
    "content-type": "[application/json]",
    "cache-control": "[no-cache, no-store, max-age=0, must-revalidate]",
    "pragma": "[no-cache]"
  }
}
INFO    2023-02-28 11:08:59,263 [main] com.itech.api.tools.request.GET  - GET URL : http://localhost:8000/api
ERROR   2023-02-28 11:08:59,588 [main] com.itech.api.tools.Helper  - Fails to connect : http://localhost:8000/api
INFO    2023-02-28 11:08:59,589 [main] com.itech.api.tools.request.GET  - Return : status [404] ->
null
INFO    2023-02-28 11:10:06,638 [main] com.itech.api.tools.request.GET  - GET URL : http://localhost:8000/api
ERROR   2023-02-28 11:10:06,861 [main] com.itech.api.tools.Helper  - Fails to connect : http://localhost:8000/api
INFO    2023-02-28 11:10:06,863 [main] com.itech.api.tools.request.GET  - Return : status [404] ->
null
INFO    2023-02-28 11:13:33,987 [main] com.itech.api.tools.request.GET  - GET URL : http://localhost:8000/api
INFO    2023-02-28 11:13:34,317 [main] com.itech.api.tools.request.GET  - Return : status [401] ->
{
  "uri": "http://localhost:8000/api",
  "code": 401,
  "data": {
    "code": 401,
    "ok": false,
    "message": "Unauthorized!",
    "error": "Full authentication is required to access this resource"
  },
  "headers": {
    "date": "[Tue, 28 Feb 2023 04:43:34 GMT]",
    "content-length": "[115]",
    "expires": "[0]",
    "x-content-type-options": "[nosniff]",
    "x-xss-protection": "[0]",
    "vary": "[Origin, Access-Control-Request-Method, Access-Control-Request-Headers]",
    "x-frame-options": "[DENY]",
    "content-type": "[application/json;charset=UTF-8]",
    "cache-control": "[no-cache, no-store, max-age=0, must-revalidate]",
    "pragma": "[no-cache]"
  }
}
INFO    2023-02-28 11:14:39,019 [main] com.itech.api.tools.request.GET  - GET URL : http://localhost:8000/api
INFO    2023-02-28 11:14:39,258 [main] com.itech.api.tools.request.GET  - Return : status [401] ->

INFO    2023-02-28 11:16:20,658 [main] com.itech.api.tools.request.GET  - GET URL : http://localhost:8000/api
INFO    2023-02-28 11:16:20,897 [main] com.itech.api.tools.request.GET  - With body!
INFO    2023-02-28 11:17:09,142 [main] com.itech.api.tools.request.GET  - GET URL : http://localhost:8000/api
INFO    2023-02-28 11:17:09,382 [main] com.itech.api.tools.request.GET  - Return : status [401] -> With body!
INFO    2023-02-28 11:17:49,182 [main] com.itech.api.tools.request.GET  - GET URL : http://localhost:8000/api
INFO    2023-02-28 11:17:49,461 [main] com.itech.api.tools.request.GET  - true
INFO    2023-02-28 11:18:06,117 [main] com.itech.api.tools.request.GET  - GET URL : http://localhost:8000/api
INFO    2023-02-28 11:18:06,359 [main] com.itech.api.tools.request.GET  - Return : status [401] -> body [true]
INFO    2023-02-28 11:18:29,414 [main] com.itech.api.tools.request.GET  - GET URL : http://localhost:8000/api
INFO    2023-02-28 11:18:29,649 [main] com.itech.api.tools.request.GET  - Return : status [401] -> body [true]
INFO    2023-02-28 11:18:58,558 [main] com.itech.api.tools.request.GET  - GET URL : http://localhost:8000/api
INFO    2023-02-28 11:18:58,821 [main] com.itech.api.tools.request.GET  - Return : status [401] -> body [true]
INFO    2023-02-28 11:20:22,415 [main] com.itech.api.tools.request.GET  - GET URL : http://localhost:8000/api
INFO    2023-02-28 11:20:22,667 [main] com.itech.api.tools.request.GET  - Return : status [401] -> body [true]
INFO    2023-02-28 11:23:03,849 [main] com.itech.api.tools.request.GET  - GET URL : http://localhost:8000/api/posts
INFO    2023-02-28 11:23:04,314 [main] com.itech.api.tools.request.GET  - Return : status [200] -> body [true]
INFO    2023-02-28 11:29:47,601 [main] com.itech.api.tools.request.GET  - GET URL : http://localhost:8000/api/posts
INFO    2023-02-28 11:29:47,877 [main] com.itech.api.tools.request.GET  - Return : status [200] -> body [true]
INFO    2023-02-28 11:30:40,485 [main] com.itech.api.tools.request.GET  - GET URL : http://localhost:8000/api/posts
INFO    2023-02-28 11:30:40,742 [main] com.itech.api.tools.request.GET  - Return : status [200] -> body [true]
INFO    2023-02-28 11:30:54,243 [main] com.itech.api.tools.request.GET  - GET URL : http://localhost:8000/api/posts
INFO    2023-02-28 11:30:54,542 [main] com.itech.api.tools.request.GET  - Return : status [200] -> body [true]
INFO    2023-02-28 11:31:41,441 [main] com.itech.api.tools.request.GET  - GET URL : http://localhost:8000/api/posts
INFO    2023-02-28 11:31:41,703 [main] com.itech.api.tools.request.GET  - Return : status [200] -> body [true]
INFO    2023-02-28 11:31:59,606 [main] com.itech.api.tools.request.GET  - GET URL : http://localhost:8000/api/posts
INFO    2023-02-28 11:31:59,858 [main] com.itech.api.tools.request.GET  - Return : status [200] -> body [true]
INFO    2023-02-28 11:39:40,421 [main] com.itech.api.tools.request.GET  - GET URL : http://localhost:8000/api/posts
INFO    2023-02-28 11:39:40,676 [main] com.itech.api.tools.request.GET  - Return : status [200] -> body [true]
INFO    2023-02-28 11:41:27,334 [main] com.itech.api.tools.request.GET  - GET URL : http://localhost:8000/api/posts
INFO    2023-02-28 11:41:27,596 [main] com.itech.api.tools.request.GET  - Return : status [200] -> body [true]
INFO    2023-02-28 12:03:01,523 [main] com.itech.api.tools.request.GET  - GET URL : http://localhost:8000/api/posts
INFO    2023-02-28 12:03:01,783 [main] com.itech.api.tools.request.GET  - Return : status [200] -> body [true]
INFO    2023-02-28 14:05:41,436 [main] com.itech.api.tools.request.GET  - GET URL : http://localhost:8000/api/posts
INFO    2023-02-28 14:05:42,285 [main] com.itech.api.tools.request.GET  - Return : status [200] -> body [true]
INFO    2023-02-28 14:06:43,914 [main] com.itech.api.tools.request.GET  - GET URL : http://localhost:8000/api/posts
INFO    2023-02-28 14:06:44,238 [main] com.itech.api.tools.request.GET  - Return : status [200] -> body [true]
INFO    2023-02-28 14:57:46,055 [main] com.itech.api.tools.request.GET  - GET URL : http://localhost:8000/api/assets/profile/c2FpemF3bXlpbnRAZ21haWwuY29t.jpg
INFO    2023-02-28 14:57:47,217 [main] com.itech.api.tools.request.GET  - Return : status [200] -> body [true]
INFO    2023-02-28 15:00:29,749 [main] com.itech.api.tools.request.GET  - GET URL : http://localhost:8000/api/assets/profile/c2FpemF3bXlpbnRAZ21haWwuY29t.jpg
INFO    2023-02-28 15:00:30,083 [main] com.itech.api.tools.request.GET  - Return : status [200] -> body [true]
INFO    2023-02-28 15:04:13,457 [main] com.itech.api.tools.request.GET  - GET URL : http://localhost:8000/api/assets/profile/c2FpemF3bXlpbnRAZ21haWwuY29t.jpg
INFO    2023-02-28 15:04:13,815 [main] com.itech.api.tools.request.GET  - Return : status [200] -> body [true]
INFO    2023-02-28 15:04:42,411 [main] com.itech.api.tools.request.GET  - GET URL : http://localhost:8000/api/assets/profile/c2FpemF3bXlpbnRAZ21haWwuY29t.jpg
INFO    2023-02-28 15:04:42,726 [main] com.itech.api.tools.request.GET  - Return : status [200] -> body [true]
INFO    2023-02-28 15:05:46,269 [main] com.itech.api.tools.request.GET  - GET URL : http://localhost:8000/api/assets/profile/c2FpemF3bXlpbnRAZ21haWwuY29t.jpg
INFO    2023-02-28 15:05:46,577 [main] com.itech.api.tools.request.GET  - Return : status [200] -> body [true]
INFO    2023-02-28 15:06:14,254 [main] com.itech.api.tools.request.GET  - GET URL : http://localhost:8000/api/assets/profile/c2FpemF3bXlpbnRAZ21haWwuY29t.jpg
INFO    2023-02-28 15:06:14,531 [main] com.itech.api.tools.request.GET  - Return : status [200] -> body [true]
INFO    2023-02-28 15:07:24,852 [main] com.itech.api.tools.request.GET  - GET URL : http://localhost:8000/api/assets/profile/c2FpemF3bXlpbnRAZ21haWwuY29t.jpg
INFO    2023-02-28 15:07:25,158 [main] com.itech.api.tools.request.GET  - Return : status [200] -> body [true]
INFO    2023-02-28 15:57:53,318 [main] com.itech.api.tools.request.GET  - GET URL : http://localhost:8000/api/posts
INFO    2023-02-28 15:57:54,073 [main] com.itech.api.tools.request.GET  - Return : status [200] -> body [true]
INFO    2023-02-28 16:03:48,342 [main] com.itech.api.tools.request.GET  - POST URL : localhost:8000/api/request/login
INFO    2023-02-28 16:04:51,210 [main] com.itech.api.tools.request.GET  - POST URL : http://localhost:8000/api/request/login
INFO    2023-02-28 16:04:51,561 [main] com.itech.api.tools.request.GET  - Return : status [401] -> body [true]
INFO    2023-02-28 16:05:17,249 [main] com.itech.api.tools.request.GET  - POST URL : http://localhost:8000/api/request/login
INFO    2023-02-28 16:05:17,489 [main] com.itech.api.tools.request.GET  - Return : status [401] -> body [true]
INFO    2023-02-28 16:06:15,450 [main] com.itech.api.tools.request.POST  - POST URL : http://localhost:8000/api/request/login
INFO    2023-02-28 16:06:15,713 [main] com.itech.api.tools.request.POST  - Return : status [401] -> body [true]
INFO    2023-02-28 16:06:52,372 [main] com.itech.api.tools.request.POST  - POST URL : http://localhost:8000/api/auth/request/login
INFO    2023-02-28 16:06:52,665 [main] com.itech.api.tools.request.POST  - Return : status [401] -> body [true]
INFO    2023-02-28 16:08:41,054 [main] com.itech.api.tools.request.POST  - POST URL : http://localhost:8000/api/auth/request/login
INFO    2023-02-28 16:08:41,312 [main] com.itech.api.tools.request.POST  - Return : status [401] -> body [true]
INFO    2023-02-28 16:11:36,720 [main] com.itech.api.tools.request.POST  - POST URL : http://localhost:8000/api/auth/request/login
INFO    2023-02-28 16:11:37,069 [main] com.itech.api.tools.request.POST  - Return : status [202] -> body [true]
INFO    2023-02-28 16:17:19,304 [main] com.itech.api.tools.request.POST  - POST URL : http://localhost:8000/api/auth/request/login
INFO    2023-02-28 16:17:19,605 [main] com.itech.api.tools.request.POST  - Return : status [401] -> body [true]
INFO    2023-02-28 16:18:28,271 [main] com.itech.api.tools.request.POST  - POST URL : http://localhost:8000/api/auth/request/login
INFO    2023-02-28 16:18:28,608 [main] com.itech.api.tools.request.POST  - Return : status [202] -> body [true]
INFO    2023-02-28 16:19:08,346 [main] com.itech.api.tools.request.POST  - POST URL : http://localhost:8000/api/auth/request/login
INFO    2023-02-28 16:19:08,717 [main] com.itech.api.tools.request.POST  - Return : status [202] -> body [true]
INFO    2023-02-28 16:20:20,582 [main] com.itech.api.tools.request.POST  - POST URL : http://localhost:8000/api/auth/request/login
INFO    2023-02-28 16:20:20,927 [main] com.itech.api.tools.request.POST  - Return : status [202] -> body [true]
INFO    2023-02-28 16:22:05,695 [main] com.itech.api.tools.request.POST  - POST URL : http://localhost:8000/api/auth/request/login
INFO    2023-02-28 16:22:06,065 [main] com.itech.api.tools.request.POST  - Return : status [202] -> body [true]
INFO    2023-02-28 16:22:26,839 [main] com.itech.api.tools.request.POST  - POST URL : http://localhost:8000/api/auth/request/login
INFO    2023-02-28 16:22:27,178 [main] com.itech.api.tools.request.POST  - Return : status [202] -> body [true]
{
  "uri": "http://localhost:8000/api/auth/request/login",
  "code": 202,
  "data": {
    "code": 202,
    "data": {
      "email": "saizawmyint@gmail.com",
      "accessToken": "eyJhbGciOiJIUzI1NiJ9.eyJzdWIiOiIxLHNhaXphd215aW50QGdtYWlsLmNvbSIsImlzcyI6IlZ1ZU9KVCIsImlhdCI6MTY3NzU3Nzk0NywianRpIjoiMTE3LjI1Mi4xNTguMTMiLCJleHAiOjE2NzgxODI3NDd9.LNmI2rAqqUbE6Vn-mjC49nqfu_yyC9QvdBWVnAz9d58",
      "expiredIn": 1678182747146,
      "details": {
        "id": 1,
        "name": "Sai Zaw Myint",
        "email": "saizawmyint@gmail.com",
        "bio": "Hello",
        "profile": "http://localhost:8000/api/assets/profile/c2FpemF3bXlpbnRAZ21haWwuY29t.jpg"
      }
    },
    "ok": true,
    "message": "Login success!"
  },
  "headers": {
    "date": "[Tue, 28 Feb 2023 09:52:27 GMT]",
    "expires": "[0]",
    "transfer-encoding": "[chunked]",
    "x-content-type-options": "[nosniff]",
    "x-xss-protection": "[0]",
    "vary": "[Origin, Access-Control-Request-Method, Access-Control-Request-Headers]",
    "x-frame-options": "[DENY]",
    "content-type": "[application/json]",
    "cache-control": "[no-cache, no-store, max-age=0, must-revalidate]",
    "pragma": "[no-cache]"
  }
}
INFO    2023-02-28 16:24:07,371 [main] com.itech.api.tools.request.POST  - POST URL : http://localhost:8000/ai/auth/request/login
INFO    2023-02-28 16:24:07,680 [main] com.itech.api.tools.request.POST  - Return : status [401] -> body [true]
{
  "uri": "http://localhost:8000/ai/auth/request/login",
  "code": 401,
  "data": {
    "code": 401,
    "ok": false,
    "message": "Unauthorized!",
    "error": "Full authentication is required to access this resource"
  },
  "headers": {
    "date": "[Tue, 28 Feb 2023 09:54:07 GMT]",
    "content-length": "[115]",
    "expires": "[0]",
    "x-content-type-options": "[nosniff]",
    "x-xss-protection": "[0]",
    "vary": "[Origin, Access-Control-Request-Method, Access-Control-Request-Headers]",
    "x-frame-options": "[DENY]",
    "content-type": "[application/json;charset=UTF-8]",
    "cache-control": "[no-cache, no-store, max-age=0, must-revalidate]",
    "pragma": "[no-cache]"
  }
}
INFO    2023-02-28 16:24:19,804 [main] com.itech.api.tools.request.POST  - POST URL : http://localhost:8090/api/auth/request/login
ERROR   2023-02-28 16:24:20,073 [main] com.itech.api.tools.Helper  - Fails to connect : http://localhost:8090/api/auth/request/login
INFO    2023-02-28 16:25:02,641 [main] com.itech.api.tools.request.POST  - POST URL : http://localhost:8090/api/auth/request/login
ERROR   2023-02-28 16:25:02,883 [main] com.itech.api.tools.Helper  - Fails to connect : http://localhost:8090/api/auth/request/login
INFO    2023-02-28 16:25:02,887 [main] com.itech.api.tools.request.POST  - Return : status [404] -> body [true]

INFO    2023-02-28 16:25:38,257 [main] com.itech.api.tools.request.POST  - POST URL : http://localhost:8090/api/auth/request/login
ERROR   2023-02-28 16:25:38,470 [main] com.itech.api.tools.Helper  - Fails to connect : http://localhost:8090/api/auth/request/login
INFO    2023-02-28 16:25:38,472 [main] com.itech.api.tools.request.POST  - Return : status [404] -> body [false]

INFO    2023-02-28 16:25:59,268 [main] com.itech.api.tools.request.POST  - POST URL : http://localhost:8090/api/auth/request/login
ERROR   2023-02-28 16:25:59,484 [main] com.itech.api.tools.Helper  - Fails to connect : http://localhost:8090/api/auth/request/login
INFO    2023-02-28 16:25:59,486 [main] com.itech.api.tools.request.POST  - Return : status [404] -> body [false]

INFO    2023-02-28 16:53:56,511 [main] com.itech.api.tools.request.POST  - POST URL : http://localhost:8090/api/auth/request/login
ERROR   2023-02-28 16:53:56,770 [main] com.itech.api.tools.Helper  - Fails to connect : http://localhost:8090/api/auth/request/login
INFO    2023-02-28 16:53:56,773 [main] com.itech.api.tools.request.POST  - Return : status [404] -> body [false]

INFO    2023-02-28 16:57:58,345 [main] com.itech.api.tools.request.POST  - POST URL : http://localhost:8090/api/auth/request/login
ERROR   2023-02-28 16:57:58,604 [main] com.itech.api.tools.Helper  - Fails to connect : http://localhost:8090/api/auth/request/login
INFO    2023-02-28 16:57:58,606 [main] com.itech.api.tools.request.POST  - Return : status [404] -> body [false]

INFO    2023-02-28 17:07:12,833 [main] com.itech.api.tools.request.POST  - POST URL : http://localhost:8090/api/auth/request/login
ERROR   2023-02-28 17:07:13,092 [main] com.itech.api.tools.Helper  - Fails to connect : http://localhost:8090/api/auth/request/login
INFO    2023-02-28 17:07:13,094 [main] com.itech.api.tools.request.POST  - Return : status [404] -> body [false]

INFO    2023-02-28 17:07:31,989 [main] com.itech.api.tools.request.POST  - POST URL : http://localhost:8000/api/auth/request/login
INFO    2023-02-28 17:07:32,816 [main] com.itech.api.tools.request.POST  - Return : status [202] -> body [true]
{
  "uri": "http://localhost:8000/api/auth/request/login",
  "code": 202,
  "data": {
    "code": 202,
    "data": {
      "email": "saizawmyint@gmail.com",
      "accessToken": "eyJhbGciOiJIUzI1NiJ9.eyJzdWIiOiIxLHNhaXphd215aW50QGdtYWlsLmNvbSIsImlzcyI6IlZ1ZU9KVCIsImlhdCI6MTY3NzU4MDY1MiwianRpIjoiMTE3LjI1Mi4xNTguMTMiLCJleHAiOjE2NzgxODU0NTJ9.lu9uh6IzM6u2ZoSl0eMBHBSSbxYCNJMKkMXqxb_BLqQ",
      "expiredIn": 1678185452748,
      "details": {
        "id": 1,
        "name": "Sai Zaw Myint",
        "email": "saizawmyint@gmail.com",
        "bio": "Hello",
        "profile": "http://localhost:8000/api/assets/profile/c2FpemF3bXlpbnRAZ21haWwuY29t.jpg"
      }
    },
    "ok": true,
    "message": "Login success!"
  },
  "headers": {
    "date": "[Tue, 28 Feb 2023 10:37:32 GMT]",
    "expires": "[0]",
    "transfer-encoding": "[chunked]",
    "x-content-type-options": "[nosniff]",
    "x-xss-protection": "[0]",
    "vary": "[Origin, Access-Control-Request-Method, Access-Control-Request-Headers]",
    "x-frame-options": "[DENY]",
    "content-type": "[application/json]",
    "cache-control": "[no-cache, no-store, max-age=0, must-revalidate]",
    "pragma": "[no-cache]"
  }
}
INFO    2023-02-28 22:23:13,361 [main] com.itech.api.tools.request.GET  - GET URL : https://graph.facebook.com/me?access_token=
INFO    2023-02-28 22:24:05,309 [main] com.itech.api.tools.request.GET  - GET URL : https://graph.facebook.com/me?access_token=
INFO    2023-02-28 22:25:03,060 [main] com.itech.api.tools.request.GET  - GET URL : https://graph.facebook.com/me?access_token=
INFO    2023-02-28 22:25:05,298 [main] com.itech.api.tools.request.GET  - Return : status [400] -> body [true]
{"uri":"https://graph.facebook.com/me?access_token=","code":400,"data":{"error":{"message":"An active access token must be used to query information about the current user.","type":"OAuthException","code":2500,"fbtrace_id":"AxMOiXVBr-2kBKCBP1CgjKL"}},"headers":{date: "[Tue, 28 Feb 2023 15:55:05 GMT]",x-fb-request-id: "[AxMOiXVBr-2kBKCBP1CgjKL]",x-fb-trace-id: "[CzGd6B0LPsR]",content-length: "[179]",expires: "[Sat, 01 Jan 2000 00:00:00 GMT]",vary: "[Origin]",x-fb-rlafr: "[0]",www-authenticate: "[OAuth "Facebook Platform" "invalid_request" "An active access token must be used to query information about the current user."]",x-fb-rev: "[1007026927]",priority: "[u=3,i]",pragma: "[no-cache]",strict-transport-security: "[max-age=15552000; preload]",access-control-allow-origin: "[*]",content-type: "[text/javascript; charset=UTF-8]",:status: "[400]",alt-svc: "[h3=":443"; ma=86400]",cache-control: "[no-store]",facebook-api-version: "[v10.0]",x-fb-debug: "[a+L0kJhMugQE36fWybxnWXW56BBhRJx9SDVk9Vk8ql/s6t7yTrDB91Z+Pp2HgDskoTlg0S1OcT950e20Y7GCcw==]"}}
INFO    2023-02-28 22:26:49,374 [main] com.itech.api.tools.request.GET  - GET URL : https://graph.facebook.com/me?access_token=EAAKZCZAYhca2EBAAWTyLxwkgDMsI1JP5ziOn7Ibj1eRfdfrp4ugNpu6la51UAduEXUFoOCWLaDibudZCrP7ryp7kV7G6YKK9pZCaVxKQPVcjAgPmzj6OpnIctySZB6ndZBGx0vLpUVesaMZCNxcUbQQ6cjGRWAsd6IIkY3FbVqY0vJO06XZBdyObpCXu0JdHhsvHoIlvBZCj3iGerCJ2NZAUBqT0Tz7LYfFiQZD
INFO    2023-02-28 22:26:52,193 [main] com.itech.api.tools.request.GET  - Return : status [200] -> body [true]
{"uri":"https://graph.facebook.com/me?access_token=EAAKZCZAYhca2EBAAWTyLxwkgDMsI1JP5ziOn7Ibj1eRfdfrp4ugNpu6la51UAduEXUFoOCWLaDibudZCrP7ryp7kV7G6YKK9pZCaVxKQPVcjAgPmzj6OpnIctySZB6ndZBGx0vLpUVesaMZCNxcUbQQ6cjGRWAsd6IIkY3FbVqY0vJO06XZBdyObpCXu0JdHhsvHoIlvBZCj3iGerCJ2NZAUBqT0Tz7LYfFiQZD","code":200,"data":{"name":"Sai Zaw Myint","id":"1145830739666333"},"headers":{date: "[Tue, 28 Feb 2023 15:56:52 GMT]",x-fb-request-id: "[AJT8gqCxL156zVLYnLf9Eso]",x-fb-trace-id: "[Ce0xx29Kl9R]",content-length: "[48]",expires: "[Sat, 01 Jan 2000 00:00:00 GMT]",vary: "[Origin]",x-fb-rlafr: "[0]",x-fb-rev: "[1007026927]",pragma: "[no-cache]",strict-transport-security: "[max-age=15552000; preload]",access-control-allow-origin: "[*]",x-app-usage: "[{"call_count":1,"total_cputime":0,"total_time":0}]",content-type: "[text/javascript; charset=UTF-8]",etag: "["50a3406c6c0004c6883b8635d8b6de93a74e58c2"]",:status: "[200]",cross-origin-resource-policy: "[cross-origin]",alt-svc: "[h3=":443"; ma=86400]",cache-control: "[private, no-cache, no-store, must-revalidate]",facebook-api-version: "[v14.0]",x-fb-debug: "[VAagPK28ygr3iYtAq73JKUZPNjtH8wGGlXCcWWvZJJfeHydDfP2+X4O8EglaHPYv72tYBtenu6qjBQosVhxvfg==]"}}
